Compiling the C compiler identification source file "CMakeCCompilerId.c" failed.
Compiler: C:/Program Files/Microsoft Visual Studio/2022/Community/VC/Tools/MSVC/14.30.30705/bin/Hostx64/x64/cl.exe 
Build flags: 
Id flags:  

The output was:
2
Microsoft (R) C/C++ Optimizing Compiler Version 19.30.30706 for x64
Copyright (C) Microsoft Corporation.  All rights reserved.

CMakeCCompilerId.c
Microsoft (R) Incremental Linker Version 14.30.30706.0
Copyright (C) Microsoft Corporation.  All rights reserved.

/out:CMakeCCompilerId.exe 
CMakeCCompilerId.obj 
LINK : fatal error LNK1104: cannot open file 'kernel32.lib'


Compiling the CXX compiler identification source file "CMakeCXXCompilerId.cpp" failed.
Compiler: C:/Program Files/Microsoft Visual Studio/2022/Community/VC/Tools/MSVC/14.30.30705/bin/Hostx64/x64/cl.exe 
Build flags: 
Id flags:  

The output was:
2
Microsoft (R) C/C++ Optimizing Compiler Version 19.30.30706 for x64
Copyright (C) Microsoft Corporation.  All rights reserved.

CMakeCXXCompilerId.cpp
Microsoft (R) Incremental Linker Version 14.30.30706.0
Copyright (C) Microsoft Corporation.  All rights reserved.

/out:CMakeCXXCompilerId.exe 
CMakeCXXCompilerId.obj 
LINK : fatal error LNK1104: cannot open file 'kernel32.lib'


Determining if the C compiler works failed with the following output:
Change Dir: C:/Users/leand/OneDrive/Documenten/5_AI_CHESS/UAFTI-ChessAI/cmake-build-release-visual-studio/CMakeFiles/CMakeTmp

Run Build Command(s):nmake /nologo cmTC_28ca5\fast && 	"C:\Program Files\Microsoft Visual Studio\2022\Community\VC\Tools\MSVC\14.30.30705\bin\HostX64\x64\nmake.exe"  -f CMakeFiles\cmTC_28ca5.dir\build.make /nologo -L                  CMakeFiles\cmTC_28ca5.dir\build
Building C object CMakeFiles/cmTC_28ca5.dir/testCCompiler.c.obj
	C:\PROGRA~1\MICROS~4\2022\COMMUN~1\VC\Tools\MSVC\1430~1.307\bin\Hostx64\x64\cl.exe @C:\Users\leand\AppData\Local\Temp\nmE6D0.tmp
testCCompiler.c
Linking C executable cmTC_28ca5.exe
	"C:\Program Files\JetBrains\CLion 2020.2.4\bin\cmake\win\bin\cmake.exe" -E vs_link_exe --intdir=CMakeFiles\cmTC_28ca5.dir --rc=rc --mt=CMAKE_MT-NOTFOUND --manifests  -- C:\PROGRA~1\MICROS~4\2022\COMMUN~1\VC\Tools\MSVC\1430~1.307\bin\Hostx64\x64\link.exe /nologo @CMakeFiles\cmTC_28ca5.dir\objects1.rsp @C:\Users\leand\AppData\Local\Temp\nmE7BB.tmp
RC Pass 1: command "rc /fo CMakeFiles\cmTC_28ca5.dir/manifest.res CMakeFiles\cmTC_28ca5.dir/manifest.rc" failed (exit code 0) with the following output:
Het systeem kan het opgegeven bestand niet vindenNMAKE : fatal error U1077: '"C:\Program Files\JetBrains\CLion 2020.2.4\bin\cmake\win\bin\cmake.exe"' : return code '0xffffffff'
Stop.
NMAKE : fatal error U1077: '"C:\Program Files\Microsoft Visual Studio\2022\Community\VC\Tools\MSVC\14.30.30705\bin\HostX64\x64\nmake.exe"' : return code '0x2'
Stop.



